[debug] [2022-12-10T22:48:48.577Z] ----------------------------------------------------------------------
[debug] [2022-12-10T22:48:48.579Z] Command:       C:\Users\razer\DOCUME~1\KOLESO~2\web\firebase-tools-instant-win.exe C:\Users\razer\.cache\firebase\tools\lib\node_modules\firebase-tools\lib\bin\firebase init
[debug] [2022-12-10T22:48:48.579Z] CLI Version:   11.17.0
[debug] [2022-12-10T22:48:48.579Z] Platform:      win32
[debug] [2022-12-10T22:48:48.579Z] Node Version:  v16.16.0
[debug] [2022-12-10T22:48:48.580Z] Time:          Sat Dec 10 2022 23:48:48 GMT+0100 (GMT+01:00)
[debug] [2022-12-10T22:48:48.580Z] ----------------------------------------------------------------------
[debug] 
[debug] [2022-12-10T22:48:48.645Z] > command requires scopes: ["email","openid","https://www.googleapis.com/auth/cloudplatformprojects.readonly","https://www.googleapis.com/auth/firebase","https://www.googleapis.com/auth/cloud-platform"]
[debug] [2022-12-10T22:48:48.645Z] > authorizing via signed-in user (vivo.buk.vivo.2016@gmail.com)
[info] 
     ######## #### ########  ######## ########     ###     ######  ########
     ##        ##  ##     ## ##       ##     ##  ##   ##  ##       ##
     ######    ##  ########  ######   ########  #########  ######  ######
     ##        ##  ##    ##  ##       ##     ## ##     ##       ## ##
     ##       #### ##     ## ######## ########  ##     ##  ######  ########

You're about to initialize a Firebase project in this directory:

  C:\Users\razer\Documents\koleso_fortune\web

Before we get started, keep in mind:

  * You are initializing within an existing Firebase project directory

[info] 
=== Project Setup
[info] 
[info] First, let's associate this project directory with a Firebase project.
[info] You can create multiple project aliases by running firebase use --add, 
[info] but for now we'll just set up a default project.
[info] 
[debug] [2022-12-10T22:48:55.319Z] Using project from CLI flag: kolesofortune-c5723
[debug] [2022-12-10T22:48:55.321Z] >>> [apiv2][query] GET https://firebase.googleapis.com/v1beta1/projects/kolesofortune-c5723 [none]
[debug] [2022-12-10T22:48:55.667Z] <<< [apiv2][status] GET https://firebase.googleapis.com/v1beta1/projects/kolesofortune-c5723 200
[debug] [2022-12-10T22:48:55.668Z] <<< [apiv2][body] GET https://firebase.googleapis.com/v1beta1/projects/kolesofortune-c5723 {"projectId":"kolesofortune-c5723","projectNumber":"216645812461","displayName":"kolesoFortune","name":"projects/kolesofortune-c5723","resources":{"hostingSite":"kolesofortune-c5723","realtimeDatabaseInstance":"kolesofortune-c5723-default-rtdb","storageBucket":"kolesofortune-c5723.appspot.com","locationId":"europe-west"},"state":"ACTIVE","etag":"1_1c57f4af-24e3-41cc-88b5-35ae124931f2"}
[info] i  Using project kolesofortune-c5723 (kolesoFortune) 
[info] 
=== Hosting Setup
[info] 
[info] Your public directory is the folder (relative to your project directory) that
[info] will contain Hosting assets to be uploaded with firebase deploy. If you
[info] have a build process for your assets, use your build's output directory.
[info] 
[debug] [2022-12-10T22:49:22.059Z] ----------------------------------------------------------------------
[debug] [2022-12-10T22:49:22.061Z] Command:       C:\Users\razer\DOCUME~1\KOLESO~2\web\firebase-tools-instant-win.exe C:\Users\razer\.cache\firebase\tools\lib\node_modules\firebase-tools\lib\bin\firebase init
[debug] [2022-12-10T22:49:22.061Z] CLI Version:   11.17.0
[debug] [2022-12-10T22:49:22.061Z] Platform:      win32
[debug] [2022-12-10T22:49:22.061Z] Node Version:  v16.16.0
[debug] [2022-12-10T22:49:22.062Z] Time:          Sat Dec 10 2022 23:49:22 GMT+0100 (GMT+01:00)
[debug] [2022-12-10T22:49:22.062Z] ----------------------------------------------------------------------
[debug] 
[debug] [2022-12-10T22:49:22.137Z] > command requires scopes: ["email","openid","https://www.googleapis.com/auth/cloudplatformprojects.readonly","https://www.googleapis.com/auth/firebase","https://www.googleapis.com/auth/cloud-platform"]
[debug] [2022-12-10T22:49:22.137Z] > authorizing via signed-in user (vivo.buk.vivo.2016@gmail.com)
[info] 
     ######## #### ########  ######## ########     ###     ######  ########
     ##        ##  ##     ## ##       ##     ##  ##   ##  ##       ##
     ######    ##  ########  ######   ########  #########  ######  ######
     ##        ##  ##    ##  ##       ##     ## ##     ##       ## ##
     ##       #### ##     ## ######## ########  ##     ##  ######  ########

You're about to initialize a Firebase project in this directory:

  C:\Users\razer\Documents\koleso_fortune\web

Before we get started, keep in mind:

  * You are initializing within an existing Firebase project directory

